app/build/outputs/mapping/release/seeds.txt
com.whysoserious.neeraj.multitasking.AlarmManagerBroadcastReceiver
com.whysoserious.neeraj.multitasking.AlarmManagerBroadcastReceiver: AlarmManagerBroadcastReceiver()
com.whysoserious.neeraj.multitasking.AlarmSettingsReciever
com.whysoserious.neeraj.multitasking.AlarmSettingsReciever: AlarmSettingsReciever()
com.whysoserious.neeraj.multitasking.AudioReciever
com.whysoserious.neeraj.multitasking.AudioReciever: AudioReciever()
com.whysoserious.neeraj.multitasking.BluetoothReciever
com.whysoserious.neeraj.multitasking.BluetoothReciever: BluetoothReciever()
com.whysoserious.neeraj.multitasking.BrightnessReciever
com.whysoserious.neeraj.multitasking.BrightnessReciever: BrightnessReciever()
com.whysoserious.neeraj.multitasking.Calendersettings
com.whysoserious.neeraj.multitasking.Calendersettings: Calendersettings()
com.whysoserious.neeraj.multitasking.DatesettingsReciever
com.whysoserious.neeraj.multitasking.DatesettingsReciever: DatesettingsReciever()
com.whysoserious.neeraj.multitasking.FlashReciever
com.whysoserious.neeraj.multitasking.FlashReciever: FlashReciever()
com.whysoserious.neeraj.multitasking.MdataReciever
com.whysoserious.neeraj.multitasking.MdataReciever: MdataReciever()
com.whysoserious.neeraj.multitasking.R$anim: int abc_fade_in
com.whysoserious.neeraj.multitasking.R$anim: int abc_fade_out
com.whysoserious.neeraj.multitasking.R$anim: int abc_grow_fade_in_from_bottom
com.whysoserious.neeraj.multitasking.R$anim: int abc_shrink_fade_out_from_bottom
com.whysoserious.neeraj.multitasking.R$anim: int abc_slide_in_bottom
com.whysoserious.neeraj.multitasking.R$anim: int abc_slide_in_top
com.whysoserious.neeraj.multitasking.R$anim: int abc_slide_out_bottom
com.whysoserious.neeraj.multitasking.R$anim: int abc_slide_out_top
com.whysoserious.neeraj.multitasking.R$attr: int actionBarDivider
com.whysoserious.neeraj.multitasking.R$attr: int actionBarItemBackground
com.whysoserious.neeraj.multitasking.R$attr: int actionBarPopupTheme
com.whysoserious.neeraj.multitasking.R$attr: int actionBarSize
com.whysoserious.neeraj.multitasking.R$attr: int actionBarSplitStyle
com.whysoserious.neeraj.multitasking.R$attr: int actionBarStyle
com.whysoserious.neeraj.multitasking.R$attr: int actionBarTabBarStyle
com.whysoserious.neeraj.multitasking.R$attr: int actionBarTabStyle
com.whysoserious.neeraj.multitasking.R$attr: int actionBarTabTextStyle
com.whysoserious.neeraj.multitasking.R$attr: int actionBarTheme
com.whysoserious.neeraj.multitasking.R$attr: int actionBarWidgetTheme
com.whysoserious.neeraj.multitasking.R$attr: int actionButtonStyle
com.whysoserious.neeraj.multitasking.R$attr: int actionDropDownStyle
com.whysoserious.neeraj.multitasking.R$attr: int actionLayout
com.whysoserious.neeraj.multitasking.R$attr: int actionMenuTextAppearance
com.whysoserious.neeraj.multitasking.R$attr: int actionMenuTextColor
com.whysoserious.neeraj.multitasking.R$attr: int actionModeBackground
com.whysoserious.neeraj.multitasking.R$attr: int actionModeCloseButtonStyle
com.whysoserious.neeraj.multitasking.R$attr: int actionModeCloseDrawable
com.whysoserious.neeraj.multitasking.R$attr: int actionModeCopyDrawable
com.whysoserious.neeraj.multitasking.R$attr: int actionModeCutDrawable
com.whysoserious.neeraj.multitasking.R$bool: int abc_action_bar_embed_tabs
com.whysoserious.neeraj.multitasking.R$bool: int abc_action_bar_embed_tabs_pre_jb
com.whysoserious.neeraj.multitasking.R$bool: int abc_action_bar_expanded_action_views_exclusive
com.whysoserious.neeraj.multitasking.R$bool: int abc_config_actionMenuItemAllCaps
com.whysoserious.neeraj.multitasking.R$bool: int abc_config_allowActionMenuItemTextWithIcon
com.whysoserious.neeraj.multitasking.R$bool: int abc_config_showMenuShortcutsWhenKeyboardPresent
...
android.support.v7.internal.widget.AdapterViewCompat: void setOnItemClickListener(android.support.v7.internal.widget.AdapterViewCompat$OnItemClickListener)
android.support.v7.internal.widget.AdapterViewCompat: android.support.v7.internal.widget.AdapterViewCompat$OnItemClickListener getOnItemClickListener()
android.support.v7.internal.widget.AdapterViewCompat: void setOnItemLongClickListener(android.support.v7.internal.widget.AdapterViewCompat$OnItemLongClickListener)
android.support.v7.internal.widget.AdapterViewCompat: android.support.v7.internal.widget.AdapterViewCompat$OnItemLongClickListener getOnItemLongClickListener()
android.support.v7.internal.widget.AdapterViewCompat: void setOnItemSelectedListener(android.support.v7.internal.widget.AdapterViewCompat$OnItemSelectedListener)
android.support.v7.internal.widget.AdapterViewCompat: android.support.v7.internal.widget.AdapterViewCompat$OnItemSelectedListener getOnItemSelectedListener()
android.support.v7.internal.widget.AdapterViewCompat: android.widget.Adapter getAdapter()
android.support.v7.internal.widget.AdapterViewCompat: void setAdapter(android.widget.Adapter)
android.support.v7.internal.widget.AdapterViewCompat: int getSelectedItemPosition()
android.support.v7.internal.widget.AdapterViewCompat: long getSelectedItemId()
android.support.v7.internal.widget.AdapterViewCompat: android.view.View getSelectedView()
android.support.v7.internal.widget.AdapterViewCompat: java.lang.Object getSelectedItem()
android.support.v7.internal.widget.CompatTextView: CompatTextView(android.content.Context)
android.support.v7.internal.widget.CompatTextView: CompatTextView(android.content.Context,android.util.AttributeSet)
android.support.v7.internal.widget.CompatTextView: CompatTextView(android.content.Context,android.util.AttributeSet,int)
android.support.v7.internal.widget.ContentFrameLayout
android.support.v7.internal.widget.ContentFrameLayout: ContentFrameLayout(android.content.Context)
android.support.v7.internal.widget.ContentFrameLayout: ContentFrameLayout(android.content.Context,android.util.AttributeSet)
android.support.v7.internal.widget.ContentFrameLayout: ContentFrameLayout(android.content.Context,android.util.AttributeSet,int)
android.support.v7.internal.widget.FitWindowsFrameLayout
android.support.v7.internal.widget.FitWindowsFrameLayout: FitWindowsFrameLayout(android.content.Context)
android.support.v7.internal.widget.FitWindowsFrameLayout: FitWindowsFrameLayout(android.content.Context,android.util.AttributeSet)
android.support.v7.internal.widget.FitWindowsFrameLayout: void setOnFitSystemWindowsListener(android.support.v7.internal.widget.FitWindowsViewGroup$OnFitSystemWindowsListener)
android.support.v7.internal.widget.FitWindowsLinearLayout
android.support.v7.internal.widget.FitWindowsLinearLayout: FitWindowsLinearLayout(android.content.Context)
android.support.v7.internal.widget.FitWindowsLinearLayout: FitWindowsLinearLayout(android.content.Context,android.util.AttributeSet)
android.support.v7.internal.widget.FitWindowsLinearLayout: void setOnFitSystemWindowsListener(android.support.v7.internal.widget.FitWindowsViewGroup$OnFitSystemWindowsListener)
android.support.v7.internal.widget.ListViewCompat: void setSelector(android.graphics.drawable.Drawable)
android.support.v7.internal.widget.ListViewCompat: void setSelectorEnabled(boolean)
android.support.v7.internal.widget.NativeActionModeAwareLayout
android.support.v7.internal.widget.NativeActionModeAwareLayout: NativeActionModeAwareLayout(android.content.Context,android.util.AttributeSet)
android.support.v7.internal.widget.NativeActionModeAwareLayout: void setActionModeForChildListener(android.support.v7.internal.widget.NativeActionModeAwareLayout$OnActionModeForChildListener)