app/build/outputs/mapping/release/mapping.txt
com.whysoserious.neeraj.multitasking.AlarmManagerBroadcastReceiver -> com.whysoserious.neeraj.multitasking.AlarmManagerBroadcastReceiver:
    void onReceive(android.content.Context,android.content.Intent) -> onReceive
com.whysoserious.neeraj.multitasking.AlarmSettingsReciever -> com.whysoserious.neeraj.multitasking.AlarmSettingsReciever:
    void onReceive(android.content.Context,android.content.Intent) -> onReceive
com.whysoserious.neeraj.multitasking.AudioReciever -> com.whysoserious.neeraj.multitasking.AudioReciever:
    android.media.AudioManager audioManager -> a
    void onReceive(android.content.Context,android.content.Intent) -> onReceive
com.whysoserious.neeraj.multitasking.BluetoothReciever -> com.whysoserious.neeraj.multitasking.BluetoothReciever:
    android.bluetooth.BluetoothAdapter ba -> a
    void onReceive(android.content.Context,android.content.Intent) -> onReceive
com.whysoserious.neeraj.multitasking.BrightnessReciever -> com.whysoserious.neeraj.multitasking.BrightnessReciever:
    int curBrightnessValue -> a
    void onReceive(android.content.Context,android.content.Intent) -> onReceive
    void saveBrightness(android.content.Context,int) -> a
com.whysoserious.neeraj.multitasking.Calendersettings -> com.whysoserious.neeraj.multitasking.Calendersettings:
    void onReceive(android.content.Context,android.content.Intent) -> onReceive
com.whysoserious.neeraj.multitasking.DatesettingsReciever -> com.whysoserious.neeraj.multitasking.DatesettingsReciever:
    void onReceive(android.content.Context,android.content.Intent) -> onReceive
com.whysoserious.neeraj.multitasking.FlashReciever -> com.whysoserious.neeraj.multitasking.FlashReciever:
    boolean isLightOn -> a
    android.hardware.Camera camera -> b
    void onReceive(android.content.Context,android.content.Intent) -> onReceive
com.whysoserious.neeraj.multitasking.MdataReciever -> com.whysoserious.neeraj.multitasking.MdataReciever:
    android.net.ConnectivityManager cm -> a
    android.telephony.TelephonyManager tm -> b
    void onReceive(android.content.Context,android.content.Intent) -> onReceive
com.whysoserious.neeraj.multitasking.RotationReciever -> com.whysoserious.neeraj.multitasking.RotationReciever:
    void onReceive(android.content.Context,android.content.Intent) -> onReceive
com.whysoserious.neeraj.multitasking.SettingsReciever -> com.whysoserious.neeraj.multitasking.SettingsReciever:
    void onReceive(android.content.Context,android.content.Intent) -> onReceive
com.whysoserious.neeraj.multitasking.WidgetProvider -> com.whysoserious.neeraj.multitasking.WidgetProvider:
    void onEnabled(android.content.Context) -> onEnabled
    void onUpdate(android.content.Context,android.appwidget.AppWidgetManager,int[]) -> onUpdate
    void onDisabled(android.content.Context) -> onDisabled
    void updateAppWidget(android.content.Context,android.appwidget.AppWidgetManager,int) -> a
com.whysoserious.neeraj.multitasking.WifiReciever -> com.whysoserious.neeraj.multitasking.WifiReciever:
    android.net.wifi.WifiManager wm -> a
    void onReceive(android.content.Context,android.content.Intent) -> onReceive
...
android.support.v4.view.KeyEventCompat -> android.support.v4.view.o:
    android.support.v4.view.KeyEventCompat$KeyEventVersionImpl IMPL -> a
    boolean hasModifiers(android.view.KeyEvent,int) -> a
    boolean hasNoModifiers(android.view.KeyEvent) -> a
    void startTracking(android.view.KeyEvent) -> b
android.support.v4.view.KeyEventCompat$BaseKeyEventVersionImpl -> android.support.v4.view.p:
    int metaStateFilterDirectionalModifiers(int,int,int,int,int) -> a
    int normalizeMetaState(int) -> a
    boolean metaStateHasModifiers(int,int) -> a
    boolean metaStateHasNoModifiers(int) -> b
    void startTracking(android.view.KeyEvent) -> a
android.support.v4.view.KeyEventCompat$EclairKeyEventVersionImpl -> android.support.v4.view.q:
    void startTracking(android.view.KeyEvent) -> a
android.support.v4.view.KeyEventCompat$HoneycombKeyEventVersionImpl -> android.support.v4.view.r:
    int normalizeMetaState(int) -> a
    boolean metaStateHasModifiers(int,int) -> a
    boolean metaStateHasNoModifiers(int) -> b
android.support.v4.view.KeyEventCompat$KeyEventVersionImpl -> android.support.v4.view.s:
    boolean metaStateHasModifiers(int,int) -> a
    boolean metaStateHasNoModifiers(int) -> b
    void startTracking(android.view.KeyEvent) -> a
android.support.v4.view.KeyEventCompatEclair -> android.support.v4.view.t:
    void startTracking(android.view.KeyEvent) -> a
android.support.v4.view.KeyEventCompatHoneycomb -> android.support.v4.view.u:
    int normalizeMetaState(int) -> a
    boolean metaStateHasModifiers(int,int) -> a
    boolean metaStateHasNoModifiers(int) -> b
android.support.v4.view.MarginLayoutParamsCompat -> android.support.v4.view.v:
    android.support.v4.view.MarginLayoutParamsCompat$MarginLayoutParamsCompatImpl IMPL -> a
    int getMarginStart(android.view.ViewGroup$MarginLayoutParams) -> a
    int getMarginEnd(android.view.ViewGroup$MarginLayoutParams) -> b
android.support.v4.view.MarginLayoutParamsCompat$MarginLayoutParamsCompatImpl -> android.support.v4.view.w:
    int getMarginStart(android.view.ViewGroup$MarginLayoutParams) -> a
    int getMarginEnd(android.view.ViewGroup$MarginLayoutParams) -> b
android.support.v4.view.MarginLayoutParamsCompat$MarginLayoutParamsCompatImplBase -> android.support.v4.view.x:
    int getMarginStart(android.view.ViewGroup$MarginLayoutParams) -> a
    int getMarginEnd(android.view.ViewGroup$MarginLayoutParams) -> b
android.support.v4.view.MarginLayoutParamsCompat$MarginLayoutParamsCompatImplJbMr1 -> android.support.v4.view.y:
    int getMarginStart(android.view.ViewGroup$MarginLayoutParams) -> a
    int getMarginEnd(android.view.ViewGroup$MarginLayoutParams) -> b
android.support.v4.view.MarginLayoutParamsCompatJellybeanMr1 -> android.support.v4.view.z:
    int getMarginStart(android.view.ViewGroup$MarginLayoutParams) -> a
    int getMarginEnd(android.view.ViewGroup$MarginLayoutParams) -> b
android.support.v4.view.MenuItemCompat -> android.support.v4.view.aa:
    android.support.v4.view.MenuItemCompat$MenuVersionImpl IMPL -> a
    void setShowAsAction(android.view.MenuItem,int) -> a
    android.view.MenuItem setActionView(android.view.MenuItem,android.view.View) -> a
    android.view.MenuItem setActionView(android.view.MenuItem,int) -> b
    android.view.View getActionView(android.view.MenuItem) -> a
    android.view.MenuItem setActionProvider(android.view.MenuItem,android.support.v4.view.ActionProvider) -> a
    boolean expandActionView(android.view.MenuItem) -> b
    boolean isActionViewExpanded(android.view.MenuItem) -> c